<?xml version="1.0" encoding="UTF-8"?>
<!-- Generated by org.testng.reporters.JUnitReportReporter -->
<testsuite hostname="TrexaiiMae" failures="0" tests="1" name="LoginPage" time="11.725" errors="0" timestamp="2024-07-25T11:43:34 CST" skipped="0">
  <testcase classname="LoginPage" name="loginTest" time="11.725"/>
  <system-out/>
</testsuite> <!-- LoginPage -->
