<?xml version="1.0" encoding="UTF-8"?>
<!-- Generated by org.testng.reporters.JUnitReportReporter -->
<testsuite hostname="TrexaiiMae" failures="0" tests="3" name="Streams.StreamIntro" time="0.013" errors="0" timestamp="2024-08-05T10:57:52 CST" skipped="0">
  <testcase classname="Streams.StreamIntro" name="StreamCollect" time="0.009"/>
  <system-out/>
  <testcase classname="Streams.StreamIntro" name="StreamMap" time="0.003"/>
  <system-out/>
  <testcase classname="Streams.StreamIntro" name="Streamssample" time="0.001"/>
  <system-out/>
</testsuite> <!-- Streams.StreamIntro -->
